<?xml version="1.0" encoding="UTF-8"?>
<!-- Generated by org.testng.reporters.JUnitReportReporter -->
<testsuite hostname="LAPTOP-63KR7F7I" failures="0" tests="1" name="edureka.ParametersFile" time="6.541" errors="1" timestamp="2024-12-10T11:36:04 IST" skipped="0">
  <testcase classname="edureka.ParametersFile" name="param" time="6.541">
    <error message="element click intercepted: Element &lt;div jscontroller=&quot;lpsUAf&quot; class=&quot;nDcEnd&quot; data-base-lens-url=&quot;https://lens.google.com&quot; data-image-processor-enabled=&quot;true&quot; data-is-images-mode=&quot;false&quot; data-preferred-mime-type=&quot;image/jpeg&quot; data-propagated-experiment-ids=&quot;&quot; jsname=&quot;R5mgy&quot; aria-label=&quot;Search by image&quot; role=&quot;button&quot; tabindex=&quot;0&quot; jsaction=&quot;rcuQ6b:npT2md;h5M12e&quot; data-ved=&quot;0ahUKEwjX25-1xJyKAxWwuJUCHTWnOawQhqEICAk&quot;&gt;...&lt;/div&gt; is not clickable at point (781, 200). Other element would receive the click: &lt;iframe role=&quot;presentation&quot; frameborder=&quot;0&quot; scrolling=&quot;no&quot; name=&quot;callout&quot; src=&quot;https://ogs.google.com/widget/callout?prid=19037050&amp;amp;pgid=19037049&amp;amp;puid=a5627eb5c02923db&amp;amp;eom=1&amp;amp;cce=1&amp;amp;dc=1&amp;amp;origin=https%3A%2F%2Fwww.google.com&amp;amp;cn=callout&amp;amp;pid=1&amp;amp;spid=538&amp;amp;hl=en&quot; style=&quot;height: 100%; width: 100%; color-scheme: light;&quot;&gt;&lt;/iframe&gt;
  (Session info: chrome=131.0.6778.109)
Build info: version: &#039;4.12.0&#039;, revision: &#039;249f2a7d1b*&#039;
System info: os.name: &#039;Windows 11&#039;, os.arch: &#039;amd64&#039;, os.version: &#039;10.0&#039;, java.version: &#039;17.0.10&#039;
Driver info: org.openqa.selenium.chrome.ChromeDriver
Command: [1522206e037c95bfc531adb5cfb20019, clickElement {id=f.30C6C76886F2E20ED3ACC444740C6413.d.7113C30B2E57FDA921C46973F9BF4E78.e.236}]
Capabilities {acceptInsecureCerts: false, browserName: chrome, browserVersion: 131.0.6778.109, chrome: {chromedriverVersion: 131.0.6778.87 (ce31cae94873..., userDataDir: C:\Users\priya\AppData\Loca...}, fedcm:accounts: true, goog:chromeOptions: {debuggerAddress: localhost:50931}, networkConnectionEnabled: false, pageLoadStrategy: normal, platformName: windows, proxy: Proxy(), se:cdp: ws://localhost:50931/devtoo..., se:cdpVersion: 131.0.6778.109, setWindowRect: true, strictFileInteractability: false, timeouts: {implicit: 0, pageLoad: 300000, script: 30000}, unhandledPromptBehavior: dismiss and notify, webauthn:extension:credBlob: true, webauthn:extension:largeBlob: true, webauthn:extension:minPinLength: true, webauthn:extension:prf: true, webauthn:virtualAuthenticators: true}
Element: [[ChromeDriver: chrome on windows (1522206e037c95bfc531adb5cfb20019)] -&gt; xpath: //div[@class=&#039;nDcEnd&#039;]]
Session ID: 1522206e037c95bfc531adb5cfb20019" type="org.openqa.selenium.ElementClickInterceptedException">
      <![CDATA[org.openqa.selenium.ElementClickInterceptedException: element click intercepted: Element <div jscontroller="lpsUAf" class="nDcEnd" data-base-lens-url="https://lens.google.com" data-image-processor-enabled="true" data-is-images-mode="false" data-preferred-mime-type="image/jpeg" data-propagated-experiment-ids="" jsname="R5mgy" aria-label="Search by image" role="button" tabindex="0" jsaction="rcuQ6b:npT2md;h5M12e" data-ved="0ahUKEwjX25-1xJyKAxWwuJUCHTWnOawQhqEICAk">...</div> is not clickable at point (781, 200). Other element would receive the click: <iframe role="presentation" frameborder="0" scrolling="no" name="callout" src="https://ogs.google.com/widget/callout?prid=19037050&amp;pgid=19037049&amp;puid=a5627eb5c02923db&amp;eom=1&amp;cce=1&amp;dc=1&amp;origin=https%3A%2F%2Fwww.google.com&amp;cn=callout&amp;pid=1&amp;spid=538&amp;hl=en" style="height: 100%; width: 100%; color-scheme: light;"></iframe>
  (Session info: chrome=131.0.6778.109)
Build info: version: '4.12.0', revision: '249f2a7d1b*'
System info: os.name: 'Windows 11', os.arch: 'amd64', os.version: '10.0', java.version: '17.0.10'
Driver info: org.openqa.selenium.chrome.ChromeDriver
Command: [1522206e037c95bfc531adb5cfb20019, clickElement {id=f.30C6C76886F2E20ED3ACC444740C6413.d.7113C30B2E57FDA921C46973F9BF4E78.e.236}]
Capabilities {acceptInsecureCerts: false, browserName: chrome, browserVersion: 131.0.6778.109, chrome: {chromedriverVersion: 131.0.6778.87 (ce31cae94873..., userDataDir: C:\Users\priya\AppData\Loca...}, fedcm:accounts: true, goog:chromeOptions: {debuggerAddress: localhost:50931}, networkConnectionEnabled: false, pageLoadStrategy: normal, platformName: windows, proxy: Proxy(), se:cdp: ws://localhost:50931/devtoo..., se:cdpVersion: 131.0.6778.109, setWindowRect: true, strictFileInteractability: false, timeouts: {implicit: 0, pageLoad: 300000, script: 30000}, unhandledPromptBehavior: dismiss and notify, webauthn:extension:credBlob: true, webauthn:extension:largeBlob: true, webauthn:extension:minPinLength: true, webauthn:extension:prf: true, webauthn:virtualAuthenticators: true}
Element: [[ChromeDriver: chrome on windows (1522206e037c95bfc531adb5cfb20019)] -> xpath: //div[@class='nDcEnd']]
Session ID: 1522206e037c95bfc531adb5cfb20019
at java.base/jdk.internal.reflect.NativeConstructorAccessorImpl.newInstance0(Native Method)
at java.base/jdk.internal.reflect.NativeConstructorAccessorImpl.newInstance(NativeConstructorAccessorImpl.java:77)
at java.base/jdk.internal.reflect.DelegatingConstructorAccessorImpl.newInstance(DelegatingConstructorAccessorImpl.java:45)
at java.base/java.lang.reflect.Constructor.newInstanceWithCaller(Constructor.java:499)
at java.base/java.lang.reflect.Constructor.newInstance(Constructor.java:480)
at org.openqa.selenium.remote.codec.w3c.W3CHttpResponseCodec.createException(W3CHttpResponseCodec.java:200)
at org.openqa.selenium.remote.codec.w3c.W3CHttpResponseCodec.decode(W3CHttpResponseCodec.java:133)
at org.openqa.selenium.remote.codec.w3c.W3CHttpResponseCodec.decode(W3CHttpResponseCodec.java:52)
at org.openqa.selenium.remote.HttpCommandExecutor.execute(HttpCommandExecutor.java:191)
at org.openqa.selenium.remote.service.DriverCommandExecutor.invokeExecute(DriverCommandExecutor.java:196)
at org.openqa.selenium.remote.service.DriverCommandExecutor.execute(DriverCommandExecutor.java:171)
at org.openqa.selenium.remote.RemoteWebDriver.execute(RemoteWebDriver.java:602)
at org.openqa.selenium.remote.RemoteWebElement.execute(RemoteWebElement.java:224)
at org.openqa.selenium.remote.RemoteWebElement.click(RemoteWebElement.java:77)
at edureka.ParametersFile.param(ParametersFile.java:31)
at java.base/jdk.internal.reflect.NativeMethodAccessorImpl.invoke0(Native Method)
at java.base/jdk.internal.reflect.NativeMethodAccessorImpl.invoke(NativeMethodAccessorImpl.java:77)
at java.base/jdk.internal.reflect.DelegatingMethodAccessorImpl.invoke(DelegatingMethodAccessorImpl.java:43)
at java.base/java.lang.reflect.Method.invoke(Method.java:568)
at org.testng.internal.MethodInvocationHelper.invokeMethod(MethodInvocationHelper.java:133)
at org.testng.internal.TestInvoker.invokeMethod(TestInvoker.java:598)
at org.testng.internal.TestInvoker.invokeTestMethod(TestInvoker.java:173)
at org.testng.internal.MethodRunner.runInSequence(MethodRunner.java:46)
at org.testng.internal.TestInvoker$MethodInvocationAgent.invoke(TestInvoker.java:824)
at org.testng.internal.TestInvoker.invokeTestMethods(TestInvoker.java:146)
at org.testng.internal.TestMethodWorker.invokeTestMethods(TestMethodWorker.java:146)
at org.testng.internal.TestMethodWorker.run(TestMethodWorker.java:128)
at java.base/java.util.concurrent.ThreadPoolExecutor.runWorker(ThreadPoolExecutor.java:1136)
at java.base/java.util.concurrent.ThreadPoolExecutor$Worker.run(ThreadPoolExecutor.java:635)
at java.base/java.lang.Thread.run(Thread.java:840)
]]>
    </error>
  </testcase> <!-- param -->
  <system-out/>
</testsuite> <!-- edureka.ParametersFile -->
