<?xml version="1.0" encoding="UTF-8"?>
<!-- Generated by org.testng.reporters.JUnitXMLReporter -->
<testsuite ignored="0" hostname="LAPTOP-63KR7F7I" failures="1" tests="1" name="ParamTest" time="6.556" errors="0" timestamp="2024-12-10T11:36:04 IST">
  <testcase classname="edureka.ParametersFile" name="param" time="6.541">
    <failure type="org.openqa.selenium.ElementClickInterceptedException" message="element click intercepted: Element &amp;lt;div jscontroller=&amp;quot;lpsUAf&amp;quot; class=&amp;quot;nDcEnd&amp;quot; data-base-lens-url=&amp;quot;https://lens.google.com&amp;quot; data-image-processor-enabled=&amp;quot;true&amp;quot; data-is-images-mode=&amp;quot;false&amp;quot; data-preferred-mime-type=&amp;quot;image/jpeg&amp;quot; data-propagated-experiment-ids=&amp;quot;&amp;quot; jsname=&amp;quot;R5mgy&amp;quot; aria-label=&amp;quot;Search by image&amp;quot; role=&amp;quot;button&amp;quot; tabindex=&amp;quot;0&amp;quot; jsaction=&amp;quot;rcuQ6b:npT2md;h5M12e&amp;quot; data-ved=&amp;quot;0ahUKEwjX25-1xJyKAxWwuJUCHTWnOawQhqEICAk&amp;quot;&amp;gt;...&amp;lt;/div&amp;gt; is not clickable at point (781, 200). Other element would receive the click: &amp;lt;iframe role=&amp;quot;presentation&amp;quot; frameborder=&amp;quot;0&amp;quot; scrolling=&amp;quot;no&amp;quot; name=&amp;quot;callout&amp;quot; src=&amp;quot;https://ogs.google.com/widget/callout?prid=19037050&amp;amp;amp;pgid=19037049&amp;amp;amp;puid=a5627eb5c02923db&amp;amp;amp;eom=1&amp;amp;amp;cce=1&amp;amp;amp;dc=1&amp;amp;amp;origin=https%3A%2F%2Fwww.google.com&amp;amp;amp;cn=callout&amp;amp;amp;pid=1&amp;amp;amp;spid=538&amp;amp;amp;hl=en&amp;quot; style=&amp;quot;height: 100%; width: 100%; color-scheme: light;&amp;quot;&amp;gt;&amp;lt;/iframe&amp;gt;
  (Session info: chrome=131.0.6778.109)
Build info: version: &amp;apos;4.12.0&amp;apos;, revision: &amp;apos;249f2a7d1b*&amp;apos;
System info: os.name: &amp;apos;Windows 11&amp;apos;, os.arch: &amp;apos;amd64&amp;apos;, os.version: &amp;apos;10.0&amp;apos;, java.version: &amp;apos;17.0.10&amp;apos;
Driver info: org.openqa.selenium.chrome.ChromeDriver
Command: [1522206e037c95bfc531adb5cfb20019, clickElement {id=f.30C6C76886F2E20ED3ACC444740C6413.d.7113C30B2E57FDA921C46973F9BF4E78.e.236}]
Capabilities {acceptInsecureCerts: false, browserName: chrome, browserVersion: 131.0.6778.109, chrome: {chromedriverVersion: 131.0.6778.87 (ce31cae94873..., userDataDir: C:\Users\priya\AppData\Loca...}, fedcm:accounts: true, goog:chromeOptions: {debuggerAddress: localhost:50931}, networkConnectionEnabled: false, pageLoadStrategy: normal, platformName: windows, proxy: Proxy(), se:cdp: ws://localhost:50931/devtoo..., se:cdpVersion: 131.0.6778.109, setWindowRect: true, strictFileInteractability: false, timeouts: {implicit: 0, pageLoad: 300000, script: 30000}, unhandledPromptBehavior: dismiss and notify, webauthn:extension:credBlob: true, webauthn:extension:largeBlob: true, webauthn:extension:minPinLength: true, webauthn:extension:prf: true, webauthn:virtualAuthenticators: true}
Element: [[ChromeDriver: chrome on windows (1522206e037c95bfc531adb5cfb20019)] -&amp;gt; xpath: //div[@class=&amp;apos;nDcEnd&amp;apos;]]
Session ID: 1522206e037c95bfc531adb5cfb20019">
      <![CDATA[org.openqa.selenium.ElementClickInterceptedException: element click intercepted: Element <div jscontroller="lpsUAf" class="nDcEnd" data-base-lens-url="https://lens.google.com" data-image-processor-enabled="true" data-is-images-mode="false" data-preferred-mime-type="image/jpeg" data-propagated-experiment-ids="" jsname="R5mgy" aria-label="Search by image" role="button" tabindex="0" jsaction="rcuQ6b:npT2md;h5M12e" data-ved="0ahUKEwjX25-1xJyKAxWwuJUCHTWnOawQhqEICAk">...</div> is not clickable at point (781, 200). Other element would receive the click: <iframe role="presentation" frameborder="0" scrolling="no" name="callout" src="https://ogs.google.com/widget/callout?prid=19037050&amp;pgid=19037049&amp;puid=a5627eb5c02923db&amp;eom=1&amp;cce=1&amp;dc=1&amp;origin=https%3A%2F%2Fwww.google.com&amp;cn=callout&amp;pid=1&amp;spid=538&amp;hl=en" style="height: 100%; width: 100%; color-scheme: light;"></iframe>
  (Session info: chrome=131.0.6778.109)
Build info: version: '4.12.0', revision: '249f2a7d1b*'
System info: os.name: 'Windows 11', os.arch: 'amd64', os.version: '10.0', java.version: '17.0.10'
Driver info: org.openqa.selenium.chrome.ChromeDriver
Command: [1522206e037c95bfc531adb5cfb20019, clickElement {id=f.30C6C76886F2E20ED3ACC444740C6413.d.7113C30B2E57FDA921C46973F9BF4E78.e.236}]
Capabilities {acceptInsecureCerts: false, browserName: chrome, browserVersion: 131.0.6778.109, chrome: {chromedriverVersion: 131.0.6778.87 (ce31cae94873..., userDataDir: C:\Users\priya\AppData\Loca...}, fedcm:accounts: true, goog:chromeOptions: {debuggerAddress: localhost:50931}, networkConnectionEnabled: false, pageLoadStrategy: normal, platformName: windows, proxy: Proxy(), se:cdp: ws://localhost:50931/devtoo..., se:cdpVersion: 131.0.6778.109, setWindowRect: true, strictFileInteractability: false, timeouts: {implicit: 0, pageLoad: 300000, script: 30000}, unhandledPromptBehavior: dismiss and notify, webauthn:extension:credBlob: true, webauthn:extension:largeBlob: true, webauthn:extension:minPinLength: true, webauthn:extension:prf: true, webauthn:virtualAuthenticators: true}
Element: [[ChromeDriver: chrome on windows (1522206e037c95bfc531adb5cfb20019)] -> xpath: //div[@class='nDcEnd']]
Session ID: 1522206e037c95bfc531adb5cfb20019
at java.base/jdk.internal.reflect.NativeConstructorAccessorImpl.newInstance0(Native Method)
at java.base/jdk.internal.reflect.NativeConstructorAccessorImpl.newInstance(NativeConstructorAccessorImpl.java:77)
at java.base/jdk.internal.reflect.DelegatingConstructorAccessorImpl.newInstance(DelegatingConstructorAccessorImpl.java:45)
at java.base/java.lang.reflect.Constructor.newInstanceWithCaller(Constructor.java:499)
at java.base/java.lang.reflect.Constructor.newInstance(Constructor.java:480)
at org.openqa.selenium.remote.codec.w3c.W3CHttpResponseCodec.createException(W3CHttpResponseCodec.java:200)
at org.openqa.selenium.remote.codec.w3c.W3CHttpResponseCodec.decode(W3CHttpResponseCodec.java:133)
at org.openqa.selenium.remote.codec.w3c.W3CHttpResponseCodec.decode(W3CHttpResponseCodec.java:52)
at org.openqa.selenium.remote.HttpCommandExecutor.execute(HttpCommandExecutor.java:191)
at org.openqa.selenium.remote.service.DriverCommandExecutor.invokeExecute(DriverCommandExecutor.java:196)
at org.openqa.selenium.remote.service.DriverCommandExecutor.execute(DriverCommandExecutor.java:171)
at org.openqa.selenium.remote.RemoteWebDriver.execute(RemoteWebDriver.java:602)
at org.openqa.selenium.remote.RemoteWebElement.execute(RemoteWebElement.java:224)
at org.openqa.selenium.remote.RemoteWebElement.click(RemoteWebElement.java:77)
at edureka.ParametersFile.param(ParametersFile.java:31)
at java.base/jdk.internal.reflect.NativeMethodAccessorImpl.invoke0(Native Method)
at java.base/jdk.internal.reflect.NativeMethodAccessorImpl.invoke(NativeMethodAccessorImpl.java:77)
at java.base/jdk.internal.reflect.DelegatingMethodAccessorImpl.invoke(DelegatingMethodAccessorImpl.java:43)
at java.base/java.lang.reflect.Method.invoke(Method.java:568)
at org.testng.internal.MethodInvocationHelper.invokeMethod(MethodInvocationHelper.java:133)
at org.testng.internal.TestInvoker.invokeMethod(TestInvoker.java:598)
at org.testng.internal.TestInvoker.invokeTestMethod(TestInvoker.java:173)
at org.testng.internal.MethodRunner.runInSequence(MethodRunner.java:46)
at org.testng.internal.TestInvoker$MethodInvocationAgent.invoke(TestInvoker.java:824)
at org.testng.internal.TestInvoker.invokeTestMethods(TestInvoker.java:146)
at org.testng.internal.TestMethodWorker.invokeTestMethods(TestMethodWorker.java:146)
at org.testng.internal.TestMethodWorker.run(TestMethodWorker.java:128)
at java.base/java.util.concurrent.ThreadPoolExecutor.runWorker(ThreadPoolExecutor.java:1136)
at java.base/java.util.concurrent.ThreadPoolExecutor$Worker.run(ThreadPoolExecutor.java:635)
at java.base/java.lang.Thread.run(Thread.java:840)
]]>
    </failure>
  </testcase> <!-- param -->
</testsuite> <!-- ParamTest -->
